#
# A fatal error has been detected by the Java Runtime Environment:
#
#  EXCEPTION_ACCESS_VIOLATION (0xc0000005) at pc=0x00007ffc9b58c1c4, pid=11760, tid=9352
#
# JRE version: Java(TM) SE Runtime Environment (17.0.7+8) (build 17.0.7+8-LTS-224)
# Java VM: Java HotSpot(TM) 64-Bit Server VM (17.0.7+8-LTS-224, mixed mode, sharing, tiered, compressed oops, compressed class ptrs, g1 gc, windows-amd64)
# Problematic frame:
# C  [cyjagent.dll+0xc1c4]
#
# No core dump will be written. Minidumps are not enabled by default on client versions of Windows
#
# If you would like to submit a bug report, please visit:
#   https://bugreport.java.com/bugreport/crash.jsp
# The crash happened outside the Java Virtual Machine in native code.
# See problematic frame for where to report the bug.
#

---------------  S U M M A R Y ------------

Command Line: -javaagent:C:\Program Files\JetBrains\IntelliJ IDEA 2021.2.2\lib\idea_rt.jar=51524:C:\Program Files\JetBrains\IntelliJ IDEA 2021.2.2\bin -Dfile.encoding=UTF-8 -agentpath:C:\Program Files\Palo Alto Networks\Traps\cyjagent.dll com.company.Main

Host: Intel(R) Core(TM) i5-1035G1 CPU @ 1.00GHz, 8 cores, 7G,  Windows 10 , 64 bit Build 19041 (10.0.19041.2251)
Time: Tue Jul  4 11:43:55 2023  Windows 10 , 64 bit Build 19041 (10.0.19041.2251) elapsed time: 0.200297 seconds (0d 0h 0m 0s)

---------------  T H R E A D  ---------------

Current thread (0x0000029d66256710):  JavaThread "Monitor Ctrl-Break" daemon [_thread_in_native, id=9352, stack(0x000000a70ac00000,0x000000a70ad00000)]

Stack: [0x000000a70ac00000,0x000000a70ad00000],  sp=0x000000a70acfeac0,  free space=1018k
Native frames: (J=compiled Java code, j=interpreted, Vv=VM code, C=native code)
C  [cyjagent.dll+0xc1c4]

Java frames: (J=compiled Java code, j=interpreted, Vv=VM code)
j  java.net.InetAddress.getAllByName(Ljava/lang/String;Ljava/net/InetAddress;)[Ljava/net/InetAddress;+282 java.base@17.0.7
j  java.net.InetAddress.getAllByName(Ljava/lang/String;)[Ljava/net/InetAddress;+2 java.base@17.0.7
j  java.net.InetAddress.getByName(Ljava/lang/String;)Ljava/net/InetAddress;+1 java.base@17.0.7
j  java.net.InetSocketAddress.<init>(Ljava/lang/String;I)V+15 java.base@17.0.7
j  java.net.Socket.<init>(Ljava/lang/String;I)V+11 java.base@17.0.7
j  com.intellij.rt.execution.application.AppMainV2$1.run()V+10
v  ~StubRoutines::call_stub

siginfo: EXCEPTION_ACCESS_VIOLATION (0xc0000005), reading address 0x0000000000000000


Register to memory mapping:

RIP=0x00007ffc9b58c1c4 cyjagent.dll
RAX=0x0 is NULL
RBX=0x0000029d662569b8 points into unknown readable memory: 0x00007ffc14e70660 | 60 06 e7 14 fc 7f 00 00
RCX=0x0 is NULL
RDX=0x0000029d44df6400 points into unknown readable memory: 0x0000029d66256710 | 10 67 25 66 9d 02 00 00
RSP=0x000000a70acfeac0 is pointing into the stack for thread: 0x0000029d66256710
RBP=0x0000029d4e73f8d0 points into unknown readable memory: 0x0000029d4e658990 | 90 89 65 4e 9d 02 00 00
RSI=0x0 is NULL
RDI=0x0000029d661b32d0 points into unknown readable memory: 0x74656e2f6176616a | 6a 61 76 61 2f 6e 65 74
R8 =0x000000a70acfe938 is pointing into the stack for thread: 0x0000029d66256710
R9 =0x0000029d4e73f8d0 points into unknown readable memory: 0x0000029d4e658990 | 90 89 65 4e 9d 02 00 00
R10=0x0 is NULL
R11=0x0000000000000246 is an unknown value
R12=0x0000029d661b32d0 points into unknown readable memory: 0x74656e2f6176616a | 6a 61 76 61 2f 6e 65 74
R13=0x0 is NULL
R14=0x000000a70acfece0 is pointing into the stack for thread: 0x0000029d66256710
R15=0x0 is NULL


Registers:
RAX=0x0000000000000000, RBX=0x0000029d662569b8, RCX=0x0000000000000000, RDX=0x0000029d44df6400
RSP=0x000000a70acfeac0, RBP=0x0000029d4e73f8d0, RSI=0x0000000000000000, RDI=0x0000029d661b32d0
R8 =0x000000a70acfe938, R9 =0x0000029d4e73f8d0, R10=0x0000000000000000, R11=0x0000000000000246
R12=0x0000029d661b32d0, R13=0x0000000000000000, R14=0x000000a70acfece0, R15=0x0000000000000000
RIP=0x00007ffc9b58c1c4, EFLAGS=0x0000000000010202

Top of Stack: (sp=0x000000a70acfeac0)
0x000000a70acfeac0:   0000029d661b32d0 0000029d662569b8
0x000000a70acfead0:   0000000000000000 00007ffc147d7fba
0x000000a70acfeae0:   0000000000000000 0000000000000000
0x000000a70acfeaf0:   000000080056d808 0000029d4e73f8d0
0x000000a70acfeb00:   0000000000000015 0000029d660fb8e0
0x000000a70acfeb10:   0000029d45639bd0 0000029d66256710
0x000000a70acfeb20:   000000a70acfed18 00007ffc148f3dfc
0x000000a70acfeb30:   0000029d45639bd0 0000029d66256710
0x000000a70acfeb40:   0000000000000000 0000000000000f7a
0x000000a70acfeb50:   0000029d661b32d0 0000000000000000
0x000000a70acfeb60:   0000029d00000f7a 0000029d661b2320
0x000000a70acfeb70:   000000a70acfec68 000000a70acfeb88
0x000000a70acfeb80:   0000000000000000 0000000000000000
0x000000a70acfeb90:   0000000000000000 0000000000000000
0x000000a70acfeba0:   0000029d66205840 0000029d661b2310
0x000000a70acfebb0:   0000029d661b32f0 0000029d661ba2f8 

Instructions: (pc=0x00007ffc9b58c1c4)
0x00007ffc9b58c0c4:   00 00 03 72 2d 44 8b ce 48 8d 05 3d e0 01 00 ba
0x00007ffc9b58c0d4:   2f 00 00 00 4e 8b 0c c8 48 8b 89 b0 02 00 00 4c
0x00007ffc9b58c0e4:   8d 05 56 df 01 00 e8 51 50 ff ff 48 8b 0d ea 38
0x00007ffc9b58c0f4:   02 00 48 3b cb 74 68 f6 81 bc 02 00 00 10 74 5f
0x00007ffc9b58c104:   80 b9 b9 02 00 00 02 72 56 4c 8b 8c 24 90 00 00
0x00007ffc9b58c114:   00 4c 8d 05 24 df 01 00 48 8b 89 b0 02 00 00 ba
0x00007ffc9b58c124:   31 00 00 00 e8 13 50 ff ff eb 34 49 8b 0f 4c 8b
0x00007ffc9b58c134:   c3 48 8b d6 e8 d3 63 00 00 48 8b 84 24 b0 00 00
0x00007ffc9b58c144:   00 89 18 48 8b 0d 6a 4c 02 00 4c 8b c6 33 d2 ff
0x00007ffc9b58c154:   15 97 50 01 00 eb 08 a8 02 75 04 c6 47 40 01 b8
0x00007ffc9b58c164:   ff ff ff ff f0 0f c1 47 10 4c 8b b4 24 88 00 00
0x00007ffc9b58c174:   00 83 f8 01 75 42 48 8b 4f 18 48 81 c1 70 01 00
0x00007ffc9b58c184:   00 ff 15 1d 51 01 00 48 8b 0f 48 8b 47 08 48 89
0x00007ffc9b58c194:   08 48 89 41 08 48 8b 4f 18 48 81 c1 70 01 00 00
0x00007ffc9b58c1a4:   ff 15 06 51 01 00 48 8b 0d 07 4c 02 00 4c 8b c7
0x00007ffc9b58c1b4:   33 d2 ff 15 34 50 01 00 48 8b 4d 20 48 8b 55 10
0x00007ffc9b58c1c4:   48 8b 01 48 8b 80 08 01 00 00 ff 15 0c 51 01 00
0x00007ffc9b58c1d4:   85 c0 74 40 48 8b 0d 01 38 02 00 48 8d 15 fa 37
0x00007ffc9b58c1e4:   02 00 48 3b ca 74 2d f6 81 bc 02 00 00 10 74 24
0x00007ffc9b58c1f4:   80 b9 b9 02 00 00 03 72 1b 48 8b 89 b0 02 00 00
0x00007ffc9b58c204:   4c 8d 05 35 de 01 00 ba 15 00 00 00 44 8b c8 e8
0x00007ffc9b58c214:   68 4e ff ff 48 8b 6c 24 78 48 8b b4 24 80 00 00
0x00007ffc9b58c224:   00 48 83 c4 50 41 5f 5f 5b c3 cc cc 40 57 48 83
0x00007ffc9b58c234:   ec 30 f6 81 78 01 00 00 04 48 8b f9 0f 85 87 02
0x00007ffc9b58c244:   00 00 48 89 5c 24 40 45 33 c9 48 89 6c 24 48 33
0x00007ffc9b58c254:   d2 48 89 74 24 50 48 8b 71 20 45 8d 41 32 48 8b
0x00007ffc9b58c264:   ce 48 8b 06 48 8b 40 08 ff 15 6e 50 01 00 48 8d
0x00007ffc9b58c274:   2d 67 37 02 00 85 c0 74 37 48 8b 0d 5c 37 02 00
0x00007ffc9b58c284:   48 3b cd 74 2b f6 81 bc 02 00 00 10 74 22 80 b9
0x00007ffc9b58c294:   b9 02 00 00 02 72 19 48 8b 89 b0 02 00 00 ba 11
0x00007ffc9b58c2a4:   00 00 00 89 44 24 20 44 8d 4a 21 e8 7c dc ff ff
0x00007ffc9b58c2b4:   48 8b 06 45 33 c9 33 d2 48 8b ce 48 8b 40 08 45 


Stack slot to memory mapping:
stack at sp + 0 slots: 0x0000029d661b32d0 points into unknown readable memory: 0x74656e2f6176616a | 6a 61 76 61 2f 6e 65 74
stack at sp + 1 slots: 0x0000029d662569b8 points into unknown readable memory: 0x00007ffc14e70660 | 60 06 e7 14 fc 7f 00 00
stack at sp + 2 slots: 0x0 is NULL
stack at sp + 3 slots: 0x00007ffc147d7fba jvm.dll
stack at sp + 4 slots: 0x0 is NULL
stack at sp + 5 slots: 0x0 is NULL
stack at sp + 6 slots: 0x000000080056d808 is pointing into metadata
stack at sp + 7 slots: 0x0000029d4e73f8d0 points into unknown readable memory: 0x0000029d4e658990 | 90 89 65 4e 9d 02 00 00


---------------  P R O C E S S  ---------------

Threads class SMR info:
_java_thread_list=0x0000029d661f8e90, length=11, elements={
0x0000029d655fdb40, 0x0000029d655fe600, 0x0000029d65616a90, 0x0000029d6561b370,
0x0000029d6561cc40, 0x0000029d6561d830, 0x0000029d6563d4b0, 0x0000029d6563d9c0,
0x0000029d6609fa00, 0x0000029d66256710, 0x0000029d66169640
}

Java Threads: ( => current thread )
  0x0000029d655fdb40 JavaThread "Reference Handler" daemon [_thread_blocked, id=3660, stack(0x000000a70a200000,0x000000a70a300000)]
  0x0000029d655fe600 JavaThread "Finalizer" daemon [_thread_blocked, id=3036, stack(0x000000a70a300000,0x000000a70a400000)]
  0x0000029d65616a90 JavaThread "Attach Listener" daemon [_thread_blocked, id=2112, stack(0x000000a70a500000,0x000000a70a600000)]
  0x0000029d6561b370 JavaThread "Service Thread" daemon [_thread_blocked, id=3532, stack(0x000000a70a600000,0x000000a70a700000)]
  0x0000029d6561cc40 JavaThread "Monitor Deflation Thread" daemon [_thread_blocked, id=15264, stack(0x000000a70a700000,0x000000a70a800000)]
  0x0000029d6561d830 JavaThread "C2 CompilerThread0" daemon [_thread_blocked, id=15380, stack(0x000000a70a800000,0x000000a70a900000)]
  0x0000029d6563d4b0 JavaThread "C1 CompilerThread0" daemon [_thread_blocked, id=9156, stack(0x000000a70a900000,0x000000a70aa00000)]
  0x0000029d6563d9c0 JavaThread "Sweeper thread" daemon [_thread_blocked, id=14296, stack(0x000000a70aa00000,0x000000a70ab00000)]
  0x0000029d6609fa00 JavaThread "Common-Cleaner" daemon [_thread_blocked, id=1940, stack(0x000000a70ab00000,0x000000a70ac00000)]
=>0x0000029d66256710 JavaThread "Monitor Ctrl-Break" daemon [_thread_in_native, id=9352, stack(0x000000a70ac00000,0x000000a70ad00000)]
  0x0000029d66169640 JavaThread "Notification Thread" daemon [_thread_blocked, id=4600, stack(0x000000a70ad00000,0x000000a70ae00000)]

Other Threads:
  0x0000029d655f70f0 VMThread "VM Thread" [stack: 0x000000a70a100000,0x000000a70a200000] [id=744] _threads_hazard_ptr=0x0000029d661f8e90
  0x0000029d456a1860 GCTaskThread "GC Thread#0" [stack: 0x000000a709c00000,0x000000a709d00000] [id=15924]
  0x0000029d456b2e80 ConcurrentGCThread "G1 Main Marker" terminated
  0x0000029d456b4310 ConcurrentGCThread "G1 Conc#0" [stack: 0x000000a709e00000,0x000000a709f00000] [id=9744]
  0x0000029d456febe0 ConcurrentGCThread "G1 Refine#0" terminated
  0x0000029d654a37c0 ConcurrentGCThread "G1 Service" terminated

Threads with active compile tasks:
C1 CompilerThread0      367  168       3       java.lang.System::allowSecurityManager (13 bytes)

VM state: at safepoint (normal execution)

VM Mutex/Monitor currently owned by a thread:  ([mutex/lock_event])
[0x0000029d456471c0] Threads_lock - owner thread: 0x0000029d655f70f0
[0x0000029d456464d0] Heap_lock - owner thread: 0x0000029d4564a6a0

Heap address: 0x0000000083a00000, size: 1990 MB, Compressed Oops mode: 32-bit

CDS archive(s) mapped at: [0x0000000800000000-0x0000000800bd0000-0x0000000800bd0000), size 12386304, SharedBaseAddress: 0x0000000800000000, ArchiveRelocationMode: 0.
Compressed class space mapped at: 0x0000000800c00000-0x0000000840c00000, reserved size: 1073741824
Narrow klass base: 0x0000000800000000, Narrow klass shift: 0, Narrow klass range: 0x100000000

GC Precious Log:
 CPUs: 8 total, 8 available
 Memory: 7954M
 Large Page Support: Disabled
 NUMA Support: Disabled
 Compressed Oops: Enabled (32-bit)
 Heap Region Size: 1M
 Heap Min Capacity: 8M
 Heap Initial Capacity: 126M
 Heap Max Capacity: 1990M
 Pre-touch: Disabled
 Parallel Workers: 8
 Concurrent Workers: 2
 Concurrent Refinement Workers: 8
 Periodic GC: Disabled

Heap:
 garbage-first heap   total 129024K, used 2048K [0x0000000083a00000, 0x0000000100000000)
  region size 1024K, 3 young (3072K), 0 survivors (0K)
 Metaspace       used 411K, committed 576K, reserved 1056768K
  class space    used 24K, committed 128K, reserved 1048576K

Heap Regions: E=young(eden), S=young(survivor), O=old, HS=humongous(starts), HC=humongous(continues), CS=collection set, F=free, OA=open archive, CA=closed archive, TAMS=top-at-mark-start (previous, next)
|   0|0x0000000083a00000, 0x0000000083a00000, 0x0000000083b00000|  0%| F|  |TAMS 0x0000000083a00000, 0x0000000083a00000| Untracked 
|   1|0x0000000083b00000, 0x0000000083b00000, 0x0000000083c00000|  0%| F|  |TAMS 0x0000000083b00000, 0x0000000083b00000| Untracked 
|   2|0x0000000083c00000, 0x0000000083c00000, 0x0000000083d00000|  0%| F|  |TAMS 0x0000000083c00000, 0x0000000083c00000| Untracked 
|   3|0x0000000083d00000, 0x0000000083d00000, 0x0000000083e00000|  0%| F|  |TAMS 0x0000000083d00000, 0x0000000083d00000| Untracked 
|   4|0x0000000083e00000, 0x0000000083e00000, 0x0000000083f00000|  0%| F|  |TAMS 0x0000000083e00000, 0x0000000083e00000| Untracked 
|   5|0x0000000083f00000, 0x0000000083f00000, 0x0000000084000000|  0%| F|  |TAMS 0x0000000083f00000, 0x0000000083f00000| Untracked 
|   6|0x0000000084000000, 0x0000000084000000, 0x0000000084100000|  0%| F|  |TAMS 0x0000000084000000, 0x0000000084000000| Untracked 
|   7|0x0000000084100000, 0x0000000084100000, 0x0000000084200000|  0%| F|  |TAMS 0x0000000084100000, 0x0000000084100000| Untracked 
|   8|0x0000000084200000, 0x0000000084200000, 0x0000000084300000|  0%| F|  |TAMS 0x0000000084200000, 0x0000000084200000| Untracked 
|   9|0x0000000084300000, 0x0000000084300000, 0x0000000084400000|  0%| F|  |TAMS 0x0000000084300000, 0x0000000084300000| Untracked 
|  10|0x0000000084400000, 0x0000000084400000, 0x0000000084500000|  0%| F|  |TAMS 0x0000000084400000, 0x0000000084400000| Untracked 
|  11|0x0000000084500000, 0x0000000084500000, 0x0000000084600000|  0%| F|  |TAMS 0x0000000084500000, 0x0000000084500000| Untracked 
|  12|0x0000000084600000, 0x0000000084600000, 0x0000000084700000|  0%| F|  |TAMS 0x0000000084600000, 0x0000000084600000| Untracked 
|  13|0x0000000084700000, 0x0000000084700000, 0x0000000084800000|  0%| F|  |TAMS 0x0000000084700000, 0x0000000084700000| Untracked 
|  14|0x0000000084800000, 0x0000000084800000, 0x0000000084900000|  0%| F|  |TAMS 0x0000000084800000, 0x0000000084800000| Untracked 
|  15|0x0000000084900000, 0x0000000084900000, 0x0000000084a00000|  0%| F|  |TAMS 0x0000000084900000, 0x0000000084900000| Untracked 
|  16|0x0000000084a00000, 0x0000000084a00000, 0x0000000084b00000|  0%| F|  |TAMS 0x0000000084a00000, 0x0000000084a00000| Untracked 
|  17|0x0000000084b00000, 0x0000000084b00000, 0x0000000084c00000|  0%| F|  |TAMS 0x0000000084b00000, 0x0000000084b00000| Untracked 
|  18|0x0000000084c00000, 0x0000000084c00000, 0x0000000084d00000|  0%| F|  |TAMS 0x0000000084c00000, 0x0000000084c00000| Untracked 
|  19|0x0000000084d00000, 0x0000000084d00000, 0x0000000084e00000|  0%| F|  |TAMS 0x0000000084d00000, 0x0000000084d00000| Untracked 
|  20|0x0000000084e00000, 0x0000000084e00000, 0x0000000084f00000|  0%| F|  |TAMS 0x0000000084e00000, 0x0000000084e00000| Untracked 
|  21|0x0000000084f00000, 0x0000000084f00000, 0x0000000085000000|  0%| F|  |TAMS 0x0000000084f00000, 0x0000000084f00000| Untracked 
|  22|0x0000000085000000, 0x0000000085000000, 0x0000000085100000|  0%| F|  |TAMS 0x0000000085000000, 0x0000000085000000| Untracked 
|  23|0x0000000085100000, 0x0000000085100000, 0x0000000085200000|  0%| F|  |TAMS 0x0000000085100000, 0x0000000085100000| Untracked 
|  24|0x0000000085200000, 0x0000000085200000, 0x0000000085300000|  0%| F|  |TAMS 0x0000000085200000, 0x0000000085200000| Untracked 
|  25|0x0000000085300000, 0x0000000085300000, 0x0000000085400000|  0%| F|  |TAMS 0x0000000085300000, 0x0000000085300000| Untracked 
|  26|0x0000000085400000, 0x0000000085400000, 0x0000000085500000|  0%| F|  |TAMS 0x0000000085400000, 0x0000000085400000| Untracked 
|  27|0x0000000085500000, 0x0000000085500000, 0x0000000085600000|  0%| F|  |TAMS 0x0000000085500000, 0x0000000085500000| Untracked 
|  28|0x0000000085600000, 0x0000000085600000, 0x0000000085700000|  0%| F|  |TAMS 0x0000000085600000, 0x0000000085600000| Untracked 
|  29|0x0000000085700000, 0x0000000085700000, 0x0000000085800000|  0%| F|  |TAMS 0x0000000085700000, 0x0000000085700000| Untracked 
|  30|0x0000000085800000, 0x0000000085800000, 0x0000000085900000|  0%| F|  |TAMS 0x0000000085800000, 0x0000000085800000| Untracked 
|  31|0x0000000085900000, 0x0000000085900000, 0x0000000085a00000|  0%| F|  |TAMS 0x0000000085900000, 0x0000000085900000| Untracked 
|  32|0x0000000085a00000, 0x0000000085a00000, 0x0000000085b00000|  0%| F|  |TAMS 0x0000000085a00000, 0x0000000085a00000| Untracked 
|  33|0x0000000085b00000, 0x0000000085b00000, 0x0000000085c00000|  0%| F|  |TAMS 0x0000000085b00000, 0x0000000085b00000| Untracked 
|  34|0x0000000085c00000, 0x0000000085c00000, 0x0000000085d00000|  0%| F|  |TAMS 0x0000000085c00000, 0x0000000085c00000| Untracked 
|  35|0x0000000085d00000, 0x0000000085d00000, 0x0000000085e00000|  0%| F|  |TAMS 0x0000000085d00000, 0x0000000085d00000| Untracked 
|  36|0x0000000085e00000, 0x0000000085e00000, 0x0000000085f00000|  0%| F|  |TAMS 0x0000000085e00000, 0x0000000085e00000| Untracked 
|  37|0x0000000085f00000, 0x0000000085f00000, 0x0000000086000000|  0%| F|  |TAMS 0x0000000085f00000, 0x0000000085f00000| Untracked 
|  38|0x0000000086000000, 0x0000000086000000, 0x0000000086100000|  0%| F|  |TAMS 0x0000000086000000, 0x0000000086000000| Untracked 
|  39|0x0000000086100000, 0x0000000086100000, 0x0000000086200000|  0%| F|  |TAMS 0x0000000086100000, 0x0000000086100000| Untracked 
|  40|0x0000000086200000, 0x0000000086200000, 0x0000000086300000|  0%| F|  |TAMS 0x0000000086200000, 0x0000000086200000| Untracked 
|  41|0x0000000086300000, 0x0000000086300000, 0x0000000086400000|  0%| F|  |TAMS 0x0000000086300000, 0x0000000086300000| Untracked 
|  42|0x0000000086400000, 0x0000000086400000, 0x0000000086500000|  0%| F|  |TAMS 0x0000000086400000, 0x0000000086400000| Untracked 
|  43|0x0000000086500000, 0x0000000086500000, 0x0000000086600000|  0%| F|  |TAMS 0x0000000086500000, 0x0000000086500000| Untracked 
|  44|0x0000000086600000, 0x0000000086600000, 0x0000000086700000|  0%| F|  |TAMS 0x0000000086600000, 0x0000000086600000| Untracked 
|  45|0x0000000086700000, 0x0000000086700000, 0x0000000086800000|  0%| F|  |TAMS 0x0000000086700000, 0x0000000086700000| Untracked 
|  46|0x0000000086800000, 0x0000000086800000, 0x0000000086900000|  0%| F|  |TAMS 0x0000000086800000, 0x0000000086800000| Untracked 
|  47|0x0000000086900000, 0x0000000086900000, 0x0000000086a00000|  0%| F|  |TAMS 0x0000000086900000, 0x0000000086900000| Untracked 
|  48|0x0000000086a00000, 0x0000000086a00000, 0x0000000086b00000|  0%| F|  |TAMS 0x0000000086a00000, 0x0000000086a00000| Untracked 
|  49|0x0000000086b00000, 0x0000000086b00000, 0x0000000086c00000|  0%| F|  |TAMS 0x0000000086b00000, 0x0000000086b00000| Untracked 
|  50|0x0000000086c00000, 0x0000000086c00000, 0x0000000086d00000|  0%| F|  |TAMS 0x0000000086c00000, 0x0000000086c00000| Untracked 
|  51|0x0000000086d00000, 0x0000000086d00000, 0x0000000086e00000|  0%| F|  |TAMS 0x0000000086d00000, 0x0000000086d00000| Untracked 
|  52|0x0000000086e00000, 0x0000000086e00000, 0x0000000086f00000|  0%| F|  |TAMS 0x0000000086e00000, 0x0000000086e00000| Untracked 
|  53|0x0000000086f00000, 0x0000000086f00000, 0x0000000087000000|  0%| F|  |TAMS 0x0000000086f00000, 0x0000000086f00000| Untracked 
|  54|0x0000000087000000, 0x0000000087000000, 0x0000000087100000|  0%| F|  |TAMS 0x0000000087000000, 0x0000000087000000| Untracked 
|  55|0x0000000087100000, 0x0000000087100000, 0x0000000087200000|  0%| F|  |TAMS 0x0000000087100000, 0x0000000087100000| Untracked 
|  56|0x0000000087200000, 0x0000000087200000, 0x0000000087300000|  0%| F|  |TAMS 0x0000000087200000, 0x0000000087200000| Untracked 
|  57|0x0000000087300000, 0x0000000087300000, 0x0000000087400000|  0%| F|  |TAMS 0x0000000087300000, 0x0000000087300000| Untracked 
|  58|0x0000000087400000, 0x0000000087400000, 0x0000000087500000|  0%| F|  |TAMS 0x0000000087400000, 0x0000000087400000| Untracked 
|  59|0x0000000087500000, 0x0000000087500000, 0x0000000087600000|  0%| F|  |TAMS 0x0000000087500000, 0x0000000087500000| Untracked 
|  60|0x0000000087600000, 0x0000000087600000, 0x0000000087700000|  0%| F|  |TAMS 0x0000000087600000, 0x0000000087600000| Untracked 
|  61|0x0000000087700000, 0x0000000087700000, 0x0000000087800000|  0%| F|  |TAMS 0x0000000087700000, 0x0000000087700000| Untracked 
|  62|0x0000000087800000, 0x0000000087800000, 0x0000000087900000|  0%| F|  |TAMS 0x0000000087800000, 0x0000000087800000| Untracked 
|  63|0x0000000087900000, 0x0000000087900000, 0x0000000087a00000|  0%| F|  |TAMS 0x0000000087900000, 0x0000000087900000| Untracked 
|  64|0x0000000087a00000, 0x0000000087a00000, 0x0000000087b00000|  0%| F|  |TAMS 0x0000000087a00000, 0x0000000087a00000| Untracked 
|  65|0x0000000087b00000, 0x0000000087b00000, 0x0000000087c00000|  0%| F|  |TAMS 0x0000000087b00000, 0x0000000087b00000| Untracked 
|  66|0x0000000087c00000, 0x0000000087c00000, 0x0000000087d00000|  0%| F|  |TAMS 0x0000000087c00000, 0x0000000087c00000| Untracked 
|  67|0x0000000087d00000, 0x0000000087d00000, 0x0000000087e00000|  0%| F|  |TAMS 0x0000000087d00000, 0x0000000087d00000| Untracked 
|  68|0x0000000087e00000, 0x0000000087e00000, 0x0000000087f00000|  0%| F|  |TAMS 0x0000000087e00000, 0x0000000087e00000| Untracked 
|  69|0x0000000087f00000, 0x0000000087f00000, 0x0000000088000000|  0%| F|  |TAMS 0x0000000087f00000, 0x0000000087f00000| Untracked 
|  70|0x0000000088000000, 0x0000000088000000, 0x0000000088100000|  0%| F|  |TAMS 0x0000000088000000, 0x0000000088000000| Untracked 
|  71|0x0000000088100000, 0x0000000088100000, 0x0000000088200000|  0%| F|  |TAMS 0x0000000088100000, 0x0000000088100000| Untracked 
|  72|0x0000000088200000, 0x0000000088200000, 0x0000000088300000|  0%| F|  |TAMS 0x0000000088200000, 0x0000000088200000| Untracked 
|  73|0x0000000088300000, 0x0000000088300000, 0x0000000088400000|  0%| F|  |TAMS 0x0000000088300000, 0x0000000088300000| Untracked 
|  74|0x0000000088400000, 0x0000000088400000, 0x0000000088500000|  0%| F|  |TAMS 0x0000000088400000, 0x0000000088400000| Untracked 
|  75|0x0000000088500000, 0x0000000088500000, 0x0000000088600000|  0%| F|  |TAMS 0x0000000088500000, 0x0000000088500000| Untracked 
|  76|0x0000000088600000, 0x0000000088600000, 0x0000000088700000|  0%| F|  |TAMS 0x0000000088600000, 0x0000000088600000| Untracked 
|  77|0x0000000088700000, 0x0000000088700000, 0x0000000088800000|  0%| F|  |TAMS 0x0000000088700000, 0x0000000088700000| Untracked 
|  78|0x0000000088800000, 0x0000000088800000, 0x0000000088900000|  0%| F|  |TAMS 0x0000000088800000, 0x0000000088800000| Untracked 
|  79|0x0000000088900000, 0x0000000088900000, 0x0000000088a00000|  0%| F|  |TAMS 0x0000000088900000, 0x0000000088900000| Untracked 
|  80|0x0000000088a00000, 0x0000000088a00000, 0x0000000088b00000|  0%| F|  |TAMS 0x0000000088a00000, 0x0000000088a00000| Untracked 
|  81|0x0000000088b00000, 0x0000000088b00000, 0x0000000088c00000|  0%| F|  |TAMS 0x0000000088b00000, 0x0000000088b00000| Untracked 
|  82|0x0000000088c00000, 0x0000000088c00000, 0x0000000088d00000|  0%| F|  |TAMS 0x0000000088c00000, 0x0000000088c00000| Untracked 
|  83|0x0000000088d00000, 0x0000000088d00000, 0x0000000088e00000|  0%| F|  |TAMS 0x0000000088d00000, 0x0000000088d00000| Untracked 
|  84|0x0000000088e00000, 0x0000000088e00000, 0x0000000088f00000|  0%| F|  |TAMS 0x0000000088e00000, 0x0000000088e00000| Untracked 
|  85|0x0000000088f00000, 0x0000000088f00000, 0x0000000089000000|  0%| F|  |TAMS 0x0000000088f00000, 0x0000000088f00000| Untracked 
|  86|0x0000000089000000, 0x0000000089000000, 0x0000000089100000|  0%| F|  |TAMS 0x0000000089000000, 0x0000000089000000| Untracked 
|  87|0x0000000089100000, 0x0000000089100000, 0x0000000089200000|  0%| F|  |TAMS 0x0000000089100000, 0x0000000089100000| Untracked 
|  88|0x0000000089200000, 0x0000000089200000, 0x0000000089300000|  0%| F|  |TAMS 0x0000000089200000, 0x0000000089200000| Untracked 
|  89|0x0000000089300000, 0x0000000089300000, 0x0000000089400000|  0%| F|  |TAMS 0x0000000089300000, 0x0000000089300000| Untracked 
|  90|0x0000000089400000, 0x0000000089400000, 0x0000000089500000|  0%| F|  |TAMS 0x0000000089400000, 0x0000000089400000| Untracked 
|  91|0x0000000089500000, 0x0000000089500000, 0x0000000089600000|  0%| F|  |TAMS 0x0000000089500000, 0x0000000089500000| Untracked 
|  92|0x0000000089600000, 0x0000000089600000, 0x0000000089700000|  0%| F|  |TAMS 0x0000000089600000, 0x0000000089600000| Untracked 
|  93|0x0000000089700000, 0x0000000089700000, 0x0000000089800000|  0%| F|  |TAMS 0x0000000089700000, 0x0000000089700000| Untracked 
|  94|0x0000000089800000, 0x0000000089800000, 0x0000000089900000|  0%| F|  |TAMS 0x0000000089800000, 0x0000000089800000| Untracked 
|  95|0x0000000089900000, 0x0000000089900000, 0x0000000089a00000|  0%| F|  |TAMS 0x0000000089900000, 0x0000000089900000| Untracked 
|  96|0x0000000089a00000, 0x0000000089a00000, 0x0000000089b00000|  0%| F|  |TAMS 0x0000000089a00000, 0x0000000089a00000| Untracked 
|  97|0x0000000089b00000, 0x0000000089b00000, 0x0000000089c00000|  0%| F|  |TAMS 0x0000000089b00000, 0x0000000089b00000| Untracked 
|  98|0x0000000089c00000, 0x0000000089c00000, 0x0000000089d00000|  0%| F|  |TAMS 0x0000000089c00000, 0x0000000089c00000| Untracked 
|  99|0x0000000089d00000, 0x0000000089d00000, 0x0000000089e00000|  0%| F|  |TAMS 0x0000000089d00000, 0x0000000089d00000| Untracked 
| 100|0x0000000089e00000, 0x0000000089e00000, 0x0000000089f00000|  0%| F|  |TAMS 0x0000000089e00000, 0x0000000089e00000| Untracked 
| 101|0x0000000089f00000, 0x0000000089f00000, 0x000000008a000000|  0%| F|  |TAMS 0x0000000089f00000, 0x0000000089f00000| Untracked 
| 102|0x000000008a000000, 0x000000008a000000, 0x000000008a100000|  0%| F|  |TAMS 0x000000008a000000, 0x000000008a000000| Untracked 
| 103|0x000000008a100000, 0x000000008a100000, 0x000000008a200000|  0%| F|  |TAMS 0x000000008a100000, 0x000000008a100000| Untracked 
| 104|0x000000008a200000, 0x000000008a200000, 0x000000008a300000|  0%| F|  |TAMS 0x000000008a200000, 0x000000008a200000| Untracked 
| 105|0x000000008a300000, 0x000000008a300000, 0x000000008a400000|  0%| F|  |TAMS 0x000000008a300000, 0x000000008a300000| Untracked 
| 106|0x000000008a400000, 0x000000008a400000, 0x000000008a500000|  0%| F|  |TAMS 0x000000008a400000, 0x000000008a400000| Untracked 
| 107|0x000000008a500000, 0x000000008a500000, 0x000000008a600000|  0%| F|  |TAMS 0x000000008a500000, 0x000000008a500000| Untracked 
| 108|0x000000008a600000, 0x000000008a600000, 0x000000008a700000|  0%| F|  |TAMS 0x000000008a600000, 0x000000008a600000| Untracked 
| 109|0x000000008a700000, 0x000000008a700000, 0x000000008a800000|  0%| F|  |TAMS 0x000000008a700000, 0x000000008a700000| Untracked 
| 110|0x000000008a800000, 0x000000008a800000, 0x000000008a900000|  0%| F|  |TAMS 0x000000008a800000, 0x000000008a800000| Untracked 
| 111|0x000000008a900000, 0x000000008a900000, 0x000000008aa00000|  0%| F|  |TAMS 0x000000008a900000, 0x000000008a900000| Untracked 
| 112|0x000000008aa00000, 0x000000008aa00000, 0x000000008ab00000|  0%| F|  |TAMS 0x000000008aa00000, 0x000000008aa00000| Untracked 
| 113|0x000000008ab00000, 0x000000008ab00000, 0x000000008ac00000|  0%| F|  |TAMS 0x000000008ab00000, 0x000000008ab00000| Untracked 
| 114|0x000000008ac00000, 0x000000008ac00000, 0x000000008ad00000|  0%| F|  |TAMS 0x000000008ac00000, 0x000000008ac00000| Untracked 
| 115|0x000000008ad00000, 0x000000008ad00000, 0x000000008ae00000|  0%| F|  |TAMS 0x000000008ad00000, 0x000000008ad00000| Untracked 
| 116|0x000000008ae00000, 0x000000008ae00000, 0x000000008af00000|  0%| F|  |TAMS 0x000000008ae00000, 0x000000008ae00000| Untracked 
| 117|0x000000008af00000, 0x000000008af00000, 0x000000008b000000|  0%| F|  |TAMS 0x000000008af00000, 0x000000008af00000| Untracked 
| 118|0x000000008b000000, 0x000000008b000000, 0x000000008b100000|  0%| F|  |TAMS 0x000000008b000000, 0x000000008b000000| Untracked 
| 119|0x000000008b100000, 0x000000008b100000, 0x000000008b200000|  0%| F|  |TAMS 0x000000008b100000, 0x000000008b100000| Untracked 
| 120|0x000000008b200000, 0x000000008b200000, 0x000000008b300000|  0%| F|  |TAMS 0x000000008b200000, 0x000000008b200000| Untracked 
| 121|0x000000008b300000, 0x000000008b300000, 0x000000008b400000|  0%| F|  |TAMS 0x000000008b300000, 0x000000008b300000| Untracked 
| 122|0x000000008b400000, 0x000000008b400000, 0x000000008b500000|  0%| F|  |TAMS 0x000000008b400000, 0x000000008b400000| Untracked 
| 123|0x000000008b500000, 0x000000008b500800, 0x000000008b600000|  0%| E|  |TAMS 0x000000008b500000, 0x000000008b500000| Complete 
| 124|0x000000008b600000, 0x000000008b700000, 0x000000008b700000|100%| E|CS|TAMS 0x000000008b600000, 0x000000008b600000| Complete 
| 125|0x000000008b700000, 0x000000008b800000, 0x000000008b800000|100%| E|CS|TAMS 0x000000008b700000, 0x000000008b700000| Complete 

Card table byte_map: [0x0000029d5e5a0000,0x0000029d5e990000] _byte_map_base: 0x0000029d5e183000

Marking Bits (Prev, Next): (CMBitMap*) 0x0000029d456a2c90, (CMBitMap*) 0x0000029d456a2cd0
 Prev Bits: [0x0000029d5ed80000, 0x0000029d60c98000)
 Next Bits: [0x0000029d60ca0000, 0x0000029d62bb8000)

Polling page: 0x0000029d452c0000

Metaspace:

Usage:
  Non-class:    387.20 KB used.
      Class:     24.70 KB used.
       Both:    411.90 KB used.

Virtual space:
  Non-class space:        8.00 MB reserved,     448.00 KB (  5%) committed,  1 nodes.
      Class space:        1.00 GB reserved,     128.00 KB ( <1%) committed,  1 nodes.
             Both:        1.01 GB reserved,     576.00 KB ( <1%) committed. 

Chunk freelists:
   Non-Class:  3.98 MB
       Class:  3.74 MB
        Both:  7.73 MB

MaxMetaspaceSize: unlimited
CompressedClassSpaceSize: 1.00 GB
Initial GC threshold: 21.00 MB
Current GC threshold: 21.00 MB
CDS: on
MetaspaceReclaimPolicy: balanced
 - commit_granule_bytes: 65536.
 - commit_granule_words: 8192.
 - virtual_space_node_default_size: 1048576.
 - enlarge_chunks_in_place: 1.
 - new_chunks_are_fully_committed: 0.
 - uncommit_free_chunks: 1.
 - use_allocation_guard: 0.
 - handle_deallocations: 1.


Internal statistics:

num_allocs_failed_limit: 0.
num_arena_births: 6.
num_arena_deaths: 0.
num_vsnodes_births: 2.
num_vsnodes_deaths: 0.
num_space_committed: 9.
num_space_uncommitted: 0.
num_chunks_returned_to_freelist: 0.
num_chunks_taken_from_freelist: 10.
num_chunk_merges: 0.
num_chunk_splits: 4.
num_chunks_enlarged: 2.
num_purges: 0.
num_inconsistent_stats: 0.

CodeHeap 'non-profiled nmethods': size=120000Kb used=54Kb max_used=54Kb free=119945Kb
 bounds [0x0000029d56220000, 0x0000029d56490000, 0x0000029d5d750000]
CodeHeap 'profiled nmethods': size=120000Kb used=183Kb max_used=183Kb free=119816Kb
 bounds [0x0000029d4e750000, 0x0000029d4e9c0000, 0x0000029d55c80000]
CodeHeap 'non-nmethods': size=5760Kb used=1122Kb max_used=1122Kb free=4637Kb
 bounds [0x0000029d55c80000, 0x0000029d55ef0000, 0x0000029d56220000]
 total_blobs=553 nmethods=167 adapters=299
 compilation: enabled
              stopped_count=0, restarted_count=0
 full_count=0

Compilation events (20 events):
Event: 0.164 Thread 0x0000029d6563d4b0 nmethod 158 0x0000029d5622d010 code [0x0000029d5622d1a0, 0x0000029d5622d278]
Event: 0.164 Thread 0x0000029d6563d4b0  159       1       java.util.HashMap$Node::getValue (5 bytes)
Event: 0.164 Thread 0x0000029d6563d4b0 nmethod 159 0x0000029d5622d310 code [0x0000029d5622d4a0, 0x0000029d5622d578]
Event: 0.167 Thread 0x0000029d6561d830  160       4       java.lang.String::isLatin1 (19 bytes)
Event: 0.167 Thread 0x0000029d6563d4b0  161       3       java.util.Arrays::copyOfRange (64 bytes)
Event: 0.167 Thread 0x0000029d6561d830 nmethod 160 0x0000029d5622d610 code [0x0000029d5622d780, 0x0000029d5622d818]
Event: 0.168 Thread 0x0000029d6563d4b0 nmethod 161 0x0000029d4e77a490 code [0x0000029d4e77a700, 0x0000029d4e77b018]
Event: 0.168 Thread 0x0000029d6563d4b0  162       3       java.lang.String::checkBoundsBeginEnd (63 bytes)
Event: 0.169 Thread 0x0000029d6563d4b0 nmethod 162 0x0000029d4e77b390 code [0x0000029d4e77b620, 0x0000029d4e77bf18]
Event: 0.169 Thread 0x0000029d6563d4b0  163       3       java.lang.String::substring (58 bytes)
Event: 0.169 Thread 0x0000029d6563d4b0 nmethod 163 0x0000029d4e77c290 code [0x0000029d4e77c480, 0x0000029d4e77c928]
Event: 0.178 Thread 0x0000029d6563d4b0  164       3       java.lang.StringUTF16::getChar (60 bytes)
Event: 0.178 Thread 0x0000029d6563d4b0 nmethod 164 0x0000029d4e77cb10 code [0x0000029d4e77cca0, 0x0000029d4e77ce18]
Event: 0.180 Thread 0x0000029d6563d4b0  165       3       java.lang.invoke.MemberName::isInvocable (8 bytes)
Event: 0.180 Thread 0x0000029d6563d4b0 nmethod 165 0x0000029d4e77cf10 code [0x0000029d4e77d0c0, 0x0000029d4e77d358]
Event: 0.180 Thread 0x0000029d6563d4b0  166       3       java.lang.invoke.MemberName::testAnyFlags (15 bytes)
Event: 0.180 Thread 0x0000029d6563d4b0 nmethod 166 0x0000029d4e77d490 code [0x0000029d4e77d640, 0x0000029d4e77d878]
Event: 0.180 Thread 0x0000029d6563d4b0  167       3       java.lang.System::getSecurityManager (12 bytes)
Event: 0.180 Thread 0x0000029d6563d4b0 nmethod 167 0x0000029d4e77d910 code [0x0000029d4e77daa0, 0x0000029d4e77dc18]
Event: 0.180 Thread 0x0000029d6563d4b0  168       3       java.lang.System::allowSecurityManager (13 bytes)

GC Heap History (0 events):
No events

Deoptimization events (8 events):
Event: 0.164 Thread 0x0000029d4564a6a0 Uncommon trap: trap_request=0xffffffde fr.pc=0x0000029d5622c5f4 relative=0x0000000000000814
Event: 0.164 Thread 0x0000029d4564a6a0 Uncommon trap: reason=class_check action=maybe_recompile pc=0x0000029d5622c5f4 method=java.util.HashMap.putVal(ILjava/lang/Object;Ljava/lang/Object;ZZ)Ljava/lang/Object; @ 152 c2
Event: 0.164 Thread 0x0000029d4564a6a0 DEOPT PACKING pc=0x0000029d5622c5f4 sp=0x000000a709bfe310
Event: 0.164 Thread 0x0000029d4564a6a0 DEOPT UNPACKING pc=0x0000029d55cd5ba3 sp=0x000000a709bfe290 mode 2
Event: 0.177 Thread 0x0000029d4564a6a0 Uncommon trap: trap_request=0xffffff45 fr.pc=0x0000029d5622d7dc relative=0x000000000000005c
Event: 0.177 Thread 0x0000029d4564a6a0 Uncommon trap: reason=unstable_if action=reinterpret pc=0x0000029d5622d7dc method=java.lang.String.isLatin1()Z @ 10 c2
Event: 0.178 Thread 0x0000029d4564a6a0 DEOPT PACKING pc=0x0000029d5622d7dc sp=0x000000a709bfe3e0
Event: 0.178 Thread 0x0000029d4564a6a0 DEOPT UNPACKING pc=0x0000029d55cd5ba3 sp=0x000000a709bfe370 mode 2

Classes unloaded (0 events):
No events

Classes redefined (1 events):
Event: 0.175 Thread 0x0000029d655f70f0 redefined class name=java.io.FileOutputStream, count=1

Internal exceptions (0 events):
No events

VM Operations (6 events):
Event: 0.122 Executing VM operation: HandshakeAllThreads
Event: 0.122 Executing VM operation: HandshakeAllThreads done
Event: 0.175 Executing VM operation: RedefineClasses
Event: 0.176 Executing VM operation: RedefineClasses done
Event: 0.179 Executing VM operation: HandshakeAllThreads
Event: 0.179 Executing VM operation: HandshakeAllThreads done

Events (20 events):
Event: 0.172 Thread 0x0000029d66256710 Thread added: 0x0000029d66256710
Event: 0.172 loading class java/net/Socket
Event: 0.174 loading class java/lang/WeakPairMap$Pair$Weak
Event: 0.174 loading class java/lang/WeakPairMap$WeakRefPeer
Event: 0.174 loading class java/lang/WeakPairMap$WeakRefPeer done
Event: 0.174 loading class java/lang/WeakPairMap$Pair$Weak done
Event: 0.174 loading class java/lang/WeakPairMap$Pair$Weak$1
Event: 0.174 loading class java/lang/WeakPairMap$Pair$Weak$1 done
Event: 0.176 Thread 0x0000029d66169640 Thread added: 0x0000029d66169640
Event: 0.176 loading class java/net/Socket done
Event: 0.178 loading class java/net/InetSocketAddress
Event: 0.178 loading class java/net/SocketAddress
Event: 0.178 loading class java/net/SocketAddress done
Event: 0.178 loading class java/net/InetSocketAddress done
Event: 0.178 loading class jdk/internal/loader/URLClassPath$FileLoader$1
Event: 0.178 loading class jdk/internal/loader/URLClassPath$FileLoader$1 done
Event: 0.180 Thread 0x0000029d4564a6a0 Thread exited: 0x0000029d4564a6a0
Event: 0.180 Thread 0x0000029d4564a6a0 Thread added: 0x0000029d4564a6a0
Event: 0.180 Thread 0x0000029d4564a6a0 Thread exited: 0x0000029d4564a6a0
Event: 0.180 Thread 0x0000029d65615fd0 Thread exited: 0x0000029d65615fd0


Dynamic libraries:
0x00007ff732090000 - 0x00007ff7320a0000 	C:\Program Files\Java\jdk-17\bin\java.exe
0x00007ffc9bd50000 - 0x00007ffc9bf48000 	C:\Windows\SYSTEM32\ntdll.dll
0x00007ffc9bab0000 - 0x00007ffc9bb6f000 	C:\Windows\System32\KERNEL32.DLL
0x00007ffc9b7d0000 - 0x00007ffc9baa2000 	C:\Windows\System32\KERNELBASE.dll
0x000000007dca0000 - 0x000000007dcdb000 	C:\Windows\System32\cyinjct.dll
0x00007ffc9b650000 - 0x00007ffc9b65c000 	C:\Windows\System32\ntnativeapi.dll
0x00007ffc7ce20000 - 0x00007ffc7ce39000 	C:\Program Files\Java\jdk-17\bin\jli.dll
0x00007ffc9a250000 - 0x00007ffc9a2fe000 	C:\Windows\System32\ADVAPI32.dll
0x00007ffc9a300000 - 0x00007ffc9a39e000 	C:\Windows\System32\msvcrt.dll
0x00007ffc999a0000 - 0x00007ffc99a3c000 	C:\Windows\System32\sechost.dll
0x00007ffc9b6a0000 - 0x00007ffc9b7c5000 	C:\Windows\System32\RPCRT4.dll
0x0000029d44fe0000 - 0x0000029d4517d000 	C:\Windows\System32\USER32.dll
0x00007ffc99430000 - 0x00007ffc99452000 	C:\Windows\System32\win32u.dll
0x00007ffc9a3a0000 - 0x00007ffc9a3cb000 	C:\Windows\System32\GDI32.dll
0x00007ffc99490000 - 0x00007ffc9959f000 	C:\Windows\System32\gdi32full.dll
0x00007ffc99900000 - 0x00007ffc9999d000 	C:\Windows\System32\msvcp_win.dll
0x0000029d45180000 - 0x0000029d45280000 	C:\Windows\System32\ucrtbase.dll
0x00007ffc649a0000 - 0x00007ffc649bb000 	C:\Program Files\Java\jdk-17\bin\VCRUNTIME140.dll
0x00007ffc7d270000 - 0x00007ffc7d50a000 	C:\Windows\WinSxS\amd64_microsoft.windows.common-controls_6595b64144ccf1df_6.0.19041.1110_none_60b5254171f9507e\COMCTL32.dll
0x00007ffc8e6b0000 - 0x00007ffc8e6ba000 	C:\Windows\SYSTEM32\VERSION.dll
0x00007ffc9b630000 - 0x00007ffc9b64e000 	C:\Windows\System32\cyvera.dll
0x00007ffc9b5c0000 - 0x00007ffc9b62b000 	C:\Windows\System32\cyvrtrap.dll
0x00007ffc99e10000 - 0x00007ffc99e42000 	C:\Windows\System32\IMM32.DLL
0x00007ffc72350000 - 0x00007ffc7235c000 	C:\Program Files\Java\jdk-17\bin\vcruntime140_1.dll
0x00007ffc5f440000 - 0x00007ffc5f4ce000 	C:\Program Files\Java\jdk-17\bin\msvcp140.dll
0x00007ffc143d0000 - 0x00007ffc14fad000 	C:\Program Files\Java\jdk-17\bin\server\jvm.dll
0x00007ffc99e00000 - 0x00007ffc99e08000 	C:\Windows\System32\PSAPI.DLL
0x00007ffc7a4e0000 - 0x00007ffc7a4e9000 	C:\Windows\SYSTEM32\WSOCK32.dll
0x00007ffc9a590000 - 0x00007ffc9a5fb000 	C:\Windows\System32\WS2_32.dll
0x00007ffc7a4a0000 - 0x00007ffc7a4c7000 	C:\Windows\SYSTEM32\WINMM.dll
0x00007ffc97ec0000 - 0x00007ffc97ed2000 	C:\Windows\SYSTEM32\kernel.appcore.dll
0x00007ffc66330000 - 0x00007ffc6633a000 	C:\Program Files\Java\jdk-17\bin\jimage.dll
0x00007ffc94850000 - 0x00007ffc94a34000 	C:\Windows\SYSTEM32\DBGHELP.DLL
0x00007ffc75ff0000 - 0x00007ffc7601c000 	C:\Windows\SYSTEM32\dbgcore.DLL
0x00007ffc993a0000 - 0x00007ffc99422000 	C:\Windows\System32\bcryptPrimitives.dll
0x00007ffc65eb0000 - 0x00007ffc65ebe000 	C:\Program Files\Java\jdk-17\bin\instrument.dll
0x00007ffc613c0000 - 0x00007ffc613e5000 	C:\Program Files\Java\jdk-17\bin\java.dll
0x00007ffc9b580000 - 0x00007ffc9b5b7000 	C:\Program Files\Palo Alto Networks\Traps\cyjagent.dll
0x00007ffc52490000 - 0x00007ffc52567000 	C:\Program Files\Java\jdk-17\bin\jsvml.dll
0x00007ffc9a660000 - 0x00007ffc9ada3000 	C:\Windows\System32\SHELL32.dll
0x00007ffc940a0000 - 0x00007ffc94832000 	C:\Windows\SYSTEM32\windows.storage.dll
0x00007ffc9adb0000 - 0x00007ffc9b104000 	C:\Windows\System32\combase.dll
0x00007ffc98d20000 - 0x00007ffc98d50000 	C:\Windows\SYSTEM32\Wldp.dll
0x00007ffc99d30000 - 0x00007ffc99ddd000 	C:\Windows\System32\SHCORE.dll
0x00007ffc99c00000 - 0x00007ffc99c55000 	C:\Windows\System32\shlwapi.dll
0x00007ffc99270000 - 0x00007ffc9928f000 	C:\Windows\SYSTEM32\profapi.dll
0x00007ffc60b50000 - 0x00007ffc60b68000 	C:\Program Files\Java\jdk-17\bin\zip.dll
0x00007ffc62e90000 - 0x00007ffc62ea9000 	C:\Program Files\Java\jdk-17\bin\net.dll
0x00007ffc852e0000 - 0x00007ffc853ec000 	C:\Windows\SYSTEM32\WINHTTP.dll
0x00007ffc98a10000 - 0x00007ffc98a7a000 	C:\Windows\system32\mswsock.dll
0x00007ffc61bc0000 - 0x00007ffc61bd6000 	C:\Program Files\Java\jdk-17\bin\nio.dll
0x00007ffc5f620000 - 0x00007ffc5f63a000 	C:\Program Files\JetBrains\IntelliJ IDEA 2021.2.2\bin\breakgen64.dll

dbghelp: loaded successfully - version: 4.0.5 - missing functions: none
symbol engine: initialized successfully - sym options: 0x614 - pdb path: .;C:\Program Files\Java\jdk-17\bin;C:\Windows\SYSTEM32;C:\Windows\WinSxS\amd64_microsoft.windows.common-controls_6595b64144ccf1df_6.0.19041.1110_none_60b5254171f9507e;C:\Program Files\Java\jdk-17\bin\server;C:\Program Files\Palo Alto Networks\Traps;C:\Program Files\JetBrains\IntelliJ IDEA 2021.2.2\bin

VM Arguments:
jvm_args: -javaagent:C:\Program Files\JetBrains\IntelliJ IDEA 2021.2.2\lib\idea_rt.jar=51524:C:\Program Files\JetBrains\IntelliJ IDEA 2021.2.2\bin -Dfile.encoding=UTF-8 -agentpath:C:\Program Files\Palo Alto Networks\Traps\cyjagent.dll 
java_command: com.company.Main
java_class_path (initial): C:\Users\fidan.ahmadova\IdeaProjects\Dumb\out\production\Dumb
Launcher Type: SUN_STANDARD

[Global flags]
     intx CICompilerCount                          = 4                                         {product} {ergonomic}
     uint ConcGCThreads                            = 2                                         {product} {ergonomic}
     uint G1ConcRefinementThreads                  = 8                                         {product} {ergonomic}
   size_t G1HeapRegionSize                         = 1048576                                   {product} {ergonomic}
    uintx GCDrainStackTargetSize                   = 64                                        {product} {ergonomic}
   size_t InitialHeapSize                          = 132120576                                 {product} {ergonomic}
   size_t MarkStackSize                            = 4194304                                   {product} {ergonomic}
   size_t MaxHeapSize                              = 2086666240                                {product} {ergonomic}
   size_t MaxNewSize                               = 1251999744                                {product} {ergonomic}
   size_t MinHeapDeltaBytes                        = 1048576                                   {product} {ergonomic}
   size_t MinHeapSize                              = 8388608                                   {product} {ergonomic}
    uintx NonNMethodCodeHeapSize                   = 5839372                                {pd product} {ergonomic}
    uintx NonProfiledCodeHeapSize                  = 122909434                              {pd product} {ergonomic}
    uintx ProfiledCodeHeapSize                     = 122909434                              {pd product} {ergonomic}
    uintx ReservedCodeCacheSize                    = 251658240                              {pd product} {ergonomic}
     bool SegmentedCodeCache                       = true                                      {product} {ergonomic}
   size_t SoftMaxHeapSize                          = 2086666240                             {manageable} {ergonomic}
     bool UseCompressedClassPointers               = true                           {product lp64_product} {ergonomic}
     bool UseCompressedOops                        = true                           {product lp64_product} {ergonomic}
     bool UseG1GC                                  = true                                      {product} {ergonomic}
     bool UseLargePagesIndividualAllocation        = false                                  {pd product} {ergonomic}

Logging:
Log output configuration:
 #0: stdout all=warning uptime,level,tags
 #1: stderr all=off uptime,level,tags

Environment Variables:
PATH=C:\Program Files\Common Files\Oracle\Java\javapath;C:\app\exbadml\product\11.2.0\client_1\bin;C:\Program Files (x86)\Common Files\Oracle\Java\javapath;C:\Windows\system32;C:\Windows;C:\Windows\System32\Wbem;"C:\Windows\System32\WindowsPowerShell\v1.0\;C:\Program Files\wkhtmltopdf\bin;";C:\Windows\System32\OpenSSH\;C:\Program Files\Git\cmd;C:\Program Files\Java\jdk-17;C:\Users\fidan.ahmadova\AppData\Local\Microsoft\WindowsApps;
USERNAME=fidan.ahmadova
OS=Windows_NT
PROCESSOR_IDENTIFIER=Intel64 Family 6 Model 126 Stepping 5, GenuineIntel



---------------  S Y S T E M  ---------------

OS:
 Windows 10 , 64 bit Build 19041 (10.0.19041.2251)
OS uptime: 0 days 2:48 hours

CPU: total 8 (initial active 8) (4 cores per cpu, 2 threads per core) family 6 model 126 stepping 5 microcode 0xa0, cx8, cmov, fxsr, ht, mmx, 3dnowpref, sse, sse2, sse3, ssse3, sse4.1, sse4.2, popcnt, lzcnt, tsc, tscinvbit, avx, avx2, aes, erms, clmul, bmi1, bmi2, adx, avx512f, avx512dq, avx512cd, avx512bw, avx512vl, sha, fma, vzeroupper, avx512_vpopcntdq, avx512_vpclmulqdq, avx512_vaes, avx512_vnni, clflush, clflushopt, avx512_vbmi2, avx512_vbmi

Memory: 4k page, system-wide physical 7954M (587M free)
TotalPageFile size 11794M (AvailPageFile size 3119M)
current process WorkingSet (physical memory assigned to process): 34M, peak: 34M
current process commit charge ("private bytes"): 210M, peak: 211M

vm_info: Java HotSpot(TM) 64-Bit Server VM (17.0.7+8-LTS-224) for windows-amd64 JRE (17.0.7+8-LTS-224), built on Feb 28 2023 23:03:02 by "mach5one" with MS VC++ 17.1 (VS2022)

END.
